[ERROR] TypeError: Cannot read property 'name' of undefined
[ERROR] TypeError: Cannot read property 'name' of undefined
[ERROR] TypeError: Cannot read property 'name' of undefined
[ERROR] Error: Redis connection to localhost:5000 failed - connect ECONNREFUSED 127.0.0.1:5000
[ERROR] Error: Redis connection to localhost:5000 failed - connect ECONNREFUSED 127.0.0.1:5000
[ERROR] Error: Redis connection to localhost:5000 failed - connect ECONNREFUSED 127.0.0.1:5000
[ERROR] Error: Redis connection to localhost:5000 failed - connect ECONNREFUSED 127.0.0.1:5000
[ERROR] Error: Redis connection to localhost:5000 failed - connect ECONNREFUSED 127.0.0.1:5000
[ERROR] Error: Redis connection to localhost:5000 failed - connect ECONNREFUSED 127.0.0.1:5000
[ERROR] Error: Redis connection to localhost:5000 failed - connect ECONNREFUSED 127.0.0.1:5000
[ERROR] TypeError: Cannot read property 'name' of undefined
[ERROR] Error loading command: ban.ts
[ERROR] TypeError: Cannot read property 'name' of undefined
[ERROR] Error loading command: grant.ts
[ERROR] TypeError: Cannot read property 'name' of undefined
[ERROR] Error loading command: pog.ts
[ERROR] TypeError: Cannot read property 'name' of undefined
[ERROR] Error loading command: ban.ts
[ERROR] TypeError: Cannot read property 'name' of undefined
[ERROR] Error loading command: grant.ts
[ERROR] TypeError: Cannot read property 'name' of undefined
[ERROR] Error loading command: pog.ts
[ERROR] TypeError: Cannot read property 'name' of undefined
[ERROR] Error loading command: ban.ts
[ERROR] TypeError: Cannot read property 'name' of undefined
[ERROR] Error loading command: grant.ts
[ERROR] TypeError: Cannot read property 'name' of undefined
[ERROR] Error loading command: pog.ts
[ERROR] TypeError: Cannot read property 'name' of undefined
[ERROR] Error loading command: ban.ts
[ERROR] TypeError: Cannot read property 'name' of undefined
[ERROR] Error loading command: grant.ts
[ERROR] TypeError: Cannot read property 'name' of undefined
[ERROR] Error loading command: pog.ts
[ERROR] TypeError: Cannot read property 'name' of undefined
[ERROR] Error loading command: ban.ts
[ERROR] TypeError: Cannot read property 'name' of undefined
[ERROR] Error loading command: grant.ts
[ERROR] TypeError: Cannot read property 'name' of undefined
[ERROR] Error loading command: pog.ts
[ERROR] TypeError: Cannot read property 'name' of undefined
[ERROR] Error loading command: ban.ts
[ERROR] TypeError: Cannot read property 'name' of undefined
[ERROR] Error loading command: grant.ts
[ERROR] TypeError: Cannot read property 'name' of undefined
[ERROR] Error loading command: pog.ts
[ERROR] TypeError: Cannot read property 'name' of undefined
[ERROR] Error loading command: ban.ts
[ERROR] TypeError: Cannot read property 'name' of undefined
[ERROR] Error loading command: grant.ts
[ERROR] TypeError: Cannot read property 'name' of undefined
[ERROR] Error loading command: pog.ts
